<?xml version="1.0" encoding="UTF-8"?>
<!-- Generated by org.testng.reporters.JUnitXMLReporter -->
<testsuite ignored="0" hostname="LAPTOP-DGDHGIH4" failures="1" tests="2" name="Default test" time="159.258" errors="0" timestamp="2022-12-05T11:37:09 IST">
  <testcase classname="io.cucumber.testng.AbstractTestNGCucumberTests" name="runScenario" time="112.725"/>
  <testcase classname="io.cucumber.testng.AbstractTestNGCucumberTests" name="runScenario" time="136.999">
    <failure type="java.lang.IllegalArgumentException" message="Keys to send should be a not null CharSequence">
      <![CDATA[java.lang.IllegalArgumentException: Keys to send should be a not null CharSequence
at org.openqa.selenium.remote.RemoteWebElement.sendKeys(RemoteWebElement.java:98)
at java.base/jdk.internal.reflect.NativeMethodAccessorImpl.invoke0(Native Method)
at java.base/jdk.internal.reflect.NativeMethodAccessorImpl.invoke(NativeMethodAccessorImpl.java:77)
at java.base/jdk.internal.reflect.DelegatingMethodAccessorImpl.invoke(DelegatingMethodAccessorImpl.java:43)
at java.base/java.lang.reflect.Method.invoke(Method.java:568)
at org.openqa.selenium.support.pagefactory.internal.LocatingElementHandler.invoke(LocatingElementHandler.java:52)
at jdk.proxy2/jdk.proxy2.$Proxy32.sendKeys(Unknown Source)
at com.celtic.automation.cmcs.util.ElementUtil.webEditTxt(ElementUtil.java:1211)
at com.celtic.automation.cmcs.pages.FleetPage.enterLastInactiveDays(FleetPage.java:98)
at com.celtic.automation.cmcs.parallel.RIN001.user_will_provide_all_the_inputs_select_the_record_on_the_grid(RIN001.java:157)
at ✽.User will provide all the inputs & select the record on the grid(file:///C:/Users/SANGEETHA/git/Celtic_Main_github/src/test/resources/parallel/RIN001.feature:5)
]]>
    </failure>
  </testcase> <!-- runScenario -->
</testsuite> <!-- Default test -->
