<?xml version="1.0" encoding="UTF-8"?>
<!-- Generated by org.testng.reporters.JUnitReportReporter -->
<testsuite hostname="SaiMadhuri" failures="0" tests="1" name="com.celtic.automation.cmcs.testrunner.RWC002TestRunner" time="3.921" errors="1" timestamp="2022-11-23T15:38:23 IST" skipped="0">
  <testcase classname="com.celtic.automation.cmcs.testrunner.RWC002TestRunner" name="runScenario" time="3.921">
    <error message="Cannot invoke &quot;java.util.Properties.getProperty(String)&quot; because &quot;this.prop&quot; is null" type="java.lang.NullPointerException">
      <![CDATA[java.lang.NullPointerException: Cannot invoke "java.util.Properties.getProperty(String)" because "this.prop" is null
at com.celtic.automation.cmcs.util.ConfigReader.readRwcExcel(ConfigReader.java:186)
at com.celtic.automation.cmcs.parallel.RWC002.user_login_as_internal_user(RWC002.java:45)
at ✽.User login as Internal user(file:///D:/WorkingDirectory/updated_celtic_project-main/./src/test/resources/parallel/RWC002.feature:3)
]]>
    </error>
  </testcase> <!-- runScenario -->
  <system-out/>
</testsuite> <!-- com.celtic.automation.cmcs.testrunner.RWC002TestRunner -->
